<?xml version="1.0" encoding="UTF-8"?>
<!-- Generated by org.testng.reporters.JUnitXMLReporter -->
<testsuite hostname="Piyushs-MBP.attlocal.net" ignored="0" name="Surefire test" tests="4" failures="1" timestamp="2022-02-02T09:50:59 CST" time="1.725" errors="0">
  <testcase name="testAPI" time="1.406" classname="deepti.selenium.project_selenium.AppTest"/>
  <testcase name="failTest" time="0.004" classname="com.selenium.ExtentReportTest.ExtentReportTest">
    <failure type="java.lang.AssertionError" message="expected [true] but found [false]">
      <![CDATA[java.lang.AssertionError: expected [true] but found [false]
at com.selenium.ExtentReportTest.ExtentReportTest.failTest(ExtentReportTest.java:46)
at java.util.ArrayList.forEach(ArrayList.java:1259)
... Removed 36 stack frames]]>
    </failure>
  </testcase> <!-- failTest -->
  <testcase name="passTest" time="0.0" classname="com.selenium.ExtentReportTest.ExtentReportTest"/>
  <testcase name="skipTest" time="0.0" classname="com.selenium.ExtentReportTest.ExtentReportTest">
    <skipped/>
  </testcase> <!-- skipTest -->
</testsuite> <!-- Surefire test -->
