-------------------------------------------------------------------------------
Test set: TestSuite
-------------------------------------------------------------------------------
Tests run: 4, Failures: 1, Errors: 0, Skipped: 1, Time elapsed: 1.956 s <<< FAILURE! - in TestSuite
failTest(com.selenium.ExtentReportTest.ExtentReportTest)  Time elapsed: 0.008 s  <<< FAILURE!
java.lang.AssertionError: expected [true] but found [false]
	at com.selenium.ExtentReportTest.ExtentReportTest.failTest(ExtentReportTest.java:46)

